<?xml version="1.0" encoding="UTF-8"?>
<testsuite xmlns:xsi="http://www.w3.org/2001/XMLSchema-instance" xsi:noNamespaceSchemaLocation="https://maven.apache.org/surefire/maven-surefire-plugin/xsd/surefire-test-report.xsd" name="com.ttn.SpringJpaHibernate2.inheritencemapping.tablePerClass.SpringJpaHibernate2TablePerClassApplicationTests" time="0.775" tests="2" errors="2" skipped="0" failures="0">
  <properties>
    <property name="java.specification.version" value="17"/>
    <property name="sun.jnu.encoding" value="UTF-8"/>
    <property name="java.class.path" value="/home/puneet/Spring FrameWork/SpringHibernatePart_2-main/target/test-classes:/home/puneet/Spring FrameWork/SpringHibernatePart_2-main/target/classes:/home/puneet/.m2/repository/org/springframework/boot/spring-boot-starter-data-jpa/2.7.5/spring-boot-starter-data-jpa-2.7.5.jar:/home/puneet/.m2/repository/org/springframework/boot/spring-boot-starter-aop/2.7.5/spring-boot-starter-aop-2.7.5.jar:/home/puneet/.m2/repository/org/springframework/spring-aop/5.3.23/spring-aop-5.3.23.jar:/home/puneet/.m2/repository/org/aspectj/aspectjweaver/1.9.7/aspectjweaver-1.9.7.jar:/home/puneet/.m2/repository/org/springframework/boot/spring-boot-starter-jdbc/2.7.5/spring-boot-starter-jdbc-2.7.5.jar:/home/puneet/.m2/repository/com/zaxxer/HikariCP/4.0.3/HikariCP-4.0.3.jar:/home/puneet/.m2/repository/org/springframework/spring-jdbc/5.3.23/spring-jdbc-5.3.23.jar:/home/puneet/.m2/repository/jakarta/transaction/jakarta.transaction-api/1.3.3/jakarta.transaction-api-1.3.3.jar:/home/puneet/.m2/repository/jakarta/persistence/jakarta.persistence-api/2.2.3/jakarta.persistence-api-2.2.3.jar:/home/puneet/.m2/repository/org/hibernate/hibernate-core/5.6.12.Final/hibernate-core-5.6.12.Final.jar:/home/puneet/.m2/repository/org/jboss/logging/jboss-logging/3.4.3.Final/jboss-logging-3.4.3.Final.jar:/home/puneet/.m2/repository/net/bytebuddy/byte-buddy/1.12.18/byte-buddy-1.12.18.jar:/home/puneet/.m2/repository/antlr/antlr/2.7.7/antlr-2.7.7.jar:/home/puneet/.m2/repository/org/jboss/jandex/2.4.2.Final/jandex-2.4.2.Final.jar:/home/puneet/.m2/repository/com/fasterxml/classmate/1.5.1/classmate-1.5.1.jar:/home/puneet/.m2/repository/org/hibernate/common/hibernate-commons-annotations/5.1.2.Final/hibernate-commons-annotations-5.1.2.Final.jar:/home/puneet/.m2/repository/org/glassfish/jaxb/jaxb-runtime/2.3.7/jaxb-runtime-2.3.7.jar:/home/puneet/.m2/repository/org/glassfish/jaxb/txw2/2.3.7/txw2-2.3.7.jar:/home/puneet/.m2/repository/com/sun/istack/istack-commons-runtime/3.0.12/istack-commons-runtime-3.0.12.jar:/home/puneet/.m2/repository/com/sun/activation/jakarta.activation/1.2.2/jakarta.activation-1.2.2.jar:/home/puneet/.m2/repository/org/springframework/data/spring-data-jpa/2.7.5/spring-data-jpa-2.7.5.jar:/home/puneet/.m2/repository/org/springframework/data/spring-data-commons/2.7.5/spring-data-commons-2.7.5.jar:/home/puneet/.m2/repository/org/springframework/spring-orm/5.3.23/spring-orm-5.3.23.jar:/home/puneet/.m2/repository/org/springframework/spring-context/5.3.23/spring-context-5.3.23.jar:/home/puneet/.m2/repository/org/springframework/spring-tx/5.3.23/spring-tx-5.3.23.jar:/home/puneet/.m2/repository/org/springframework/spring-beans/5.3.23/spring-beans-5.3.23.jar:/home/puneet/.m2/repository/org/slf4j/slf4j-api/1.7.36/slf4j-api-1.7.36.jar:/home/puneet/.m2/repository/org/springframework/spring-aspects/5.3.23/spring-aspects-5.3.23.jar:/home/puneet/.m2/repository/org/springframework/boot/spring-boot-starter-web/2.7.5/spring-boot-starter-web-2.7.5.jar:/home/puneet/.m2/repository/org/springframework/boot/spring-boot-starter/2.7.5/spring-boot-starter-2.7.5.jar:/home/puneet/.m2/repository/org/springframework/boot/spring-boot-starter-logging/2.7.5/spring-boot-starter-logging-2.7.5.jar:/home/puneet/.m2/repository/ch/qos/logback/logback-classic/1.2.11/logback-classic-1.2.11.jar:/home/puneet/.m2/repository/ch/qos/logback/logback-core/1.2.11/logback-core-1.2.11.jar:/home/puneet/.m2/repository/org/apache/logging/log4j/log4j-to-slf4j/2.17.2/log4j-to-slf4j-2.17.2.jar:/home/puneet/.m2/repository/org/apache/logging/log4j/log4j-api/2.17.2/log4j-api-2.17.2.jar:/home/puneet/.m2/repository/org/slf4j/jul-to-slf4j/1.7.36/jul-to-slf4j-1.7.36.jar:/home/puneet/.m2/repository/jakarta/annotation/jakarta.annotation-api/1.3.5/jakarta.annotation-api-1.3.5.jar:/home/puneet/.m2/repository/org/yaml/snakeyaml/1.30/snakeyaml-1.30.jar:/home/puneet/.m2/repository/org/springframework/boot/spring-boot-starter-json/2.7.5/spring-boot-starter-json-2.7.5.jar:/home/puneet/.m2/repository/com/fasterxml/jackson/core/jackson-databind/2.13.4.2/jackson-databind-2.13.4.2.jar:/home/puneet/.m2/repository/com/fasterxml/jackson/core/jackson-annotations/2.13.4/jackson-annotations-2.13.4.jar:/home/puneet/.m2/repository/com/fasterxml/jackson/core/jackson-core/2.13.4/jackson-core-2.13.4.jar:/home/puneet/.m2/repository/com/fasterxml/jackson/datatype/jackson-datatype-jdk8/2.13.4/jackson-datatype-jdk8-2.13.4.jar:/home/puneet/.m2/repository/com/fasterxml/jackson/datatype/jackson-datatype-jsr310/2.13.4/jackson-datatype-jsr310-2.13.4.jar:/home/puneet/.m2/repository/com/fasterxml/jackson/module/jackson-module-parameter-names/2.13.4/jackson-module-parameter-names-2.13.4.jar:/home/puneet/.m2/repository/org/springframework/boot/spring-boot-starter-tomcat/2.7.5/spring-boot-starter-tomcat-2.7.5.jar:/home/puneet/.m2/repository/org/apache/tomcat/embed/tomcat-embed-core/9.0.68/tomcat-embed-core-9.0.68.jar:/home/puneet/.m2/repository/org/apache/tomcat/embed/tomcat-embed-el/9.0.68/tomcat-embed-el-9.0.68.jar:/home/puneet/.m2/repository/org/apache/tomcat/embed/tomcat-embed-websocket/9.0.68/tomcat-embed-websocket-9.0.68.jar:/home/puneet/.m2/repository/org/springframework/spring-web/5.3.23/spring-web-5.3.23.jar:/home/puneet/.m2/repository/org/springframework/spring-webmvc/5.3.23/spring-webmvc-5.3.23.jar:/home/puneet/.m2/repository/org/springframework/spring-expression/5.3.23/spring-expression-5.3.23.jar:/home/puneet/.m2/repository/org/springframework/boot/spring-boot-devtools/2.7.5/spring-boot-devtools-2.7.5.jar:/home/puneet/.m2/repository/org/springframework/boot/spring-boot/2.7.5/spring-boot-2.7.5.jar:/home/puneet/.m2/repository/org/springframework/boot/spring-boot-autoconfigure/2.7.5/spring-boot-autoconfigure-2.7.5.jar:/home/puneet/.m2/repository/com/mysql/mysql-connector-j/8.0.31/mysql-connector-j-8.0.31.jar:/home/puneet/.m2/repository/org/springframework/boot/spring-boot-starter-test/2.7.5/spring-boot-starter-test-2.7.5.jar:/home/puneet/.m2/repository/org/springframework/boot/spring-boot-test/2.7.5/spring-boot-test-2.7.5.jar:/home/puneet/.m2/repository/org/springframework/boot/spring-boot-test-autoconfigure/2.7.5/spring-boot-test-autoconfigure-2.7.5.jar:/home/puneet/.m2/repository/com/jayway/jsonpath/json-path/2.7.0/json-path-2.7.0.jar:/home/puneet/.m2/repository/net/minidev/json-smart/2.4.8/json-smart-2.4.8.jar:/home/puneet/.m2/repository/net/minidev/accessors-smart/2.4.8/accessors-smart-2.4.8.jar:/home/puneet/.m2/repository/org/ow2/asm/asm/9.1/asm-9.1.jar:/home/puneet/.m2/repository/jakarta/xml/bind/jakarta.xml.bind-api/2.3.3/jakarta.xml.bind-api-2.3.3.jar:/home/puneet/.m2/repository/jakarta/activation/jakarta.activation-api/1.2.2/jakarta.activation-api-1.2.2.jar:/home/puneet/.m2/repository/org/assertj/assertj-core/3.22.0/assertj-core-3.22.0.jar:/home/puneet/.m2/repository/org/hamcrest/hamcrest/2.2/hamcrest-2.2.jar:/home/puneet/.m2/repository/org/junit/jupiter/junit-jupiter/5.8.2/junit-jupiter-5.8.2.jar:/home/puneet/.m2/repository/org/junit/jupiter/junit-jupiter-api/5.8.2/junit-jupiter-api-5.8.2.jar:/home/puneet/.m2/repository/org/opentest4j/opentest4j/1.2.0/opentest4j-1.2.0.jar:/home/puneet/.m2/repository/org/junit/platform/junit-platform-commons/1.8.2/junit-platform-commons-1.8.2.jar:/home/puneet/.m2/repository/org/apiguardian/apiguardian-api/1.1.2/apiguardian-api-1.1.2.jar:/home/puneet/.m2/repository/org/junit/jupiter/junit-jupiter-params/5.8.2/junit-jupiter-params-5.8.2.jar:/home/puneet/.m2/repository/org/junit/jupiter/junit-jupiter-engine/5.8.2/junit-jupiter-engine-5.8.2.jar:/home/puneet/.m2/repository/org/junit/platform/junit-platform-engine/1.8.2/junit-platform-engine-1.8.2.jar:/home/puneet/.m2/repository/org/mockito/mockito-core/4.5.1/mockito-core-4.5.1.jar:/home/puneet/.m2/repository/net/bytebuddy/byte-buddy-agent/1.12.18/byte-buddy-agent-1.12.18.jar:/home/puneet/.m2/repository/org/objenesis/objenesis/3.2/objenesis-3.2.jar:/home/puneet/.m2/repository/org/mockito/mockito-junit-jupiter/4.5.1/mockito-junit-jupiter-4.5.1.jar:/home/puneet/.m2/repository/org/skyscreamer/jsonassert/1.5.1/jsonassert-1.5.1.jar:/home/puneet/.m2/repository/com/vaadin/external/google/android-json/0.0.20131108.vaadin1/android-json-0.0.20131108.vaadin1.jar:/home/puneet/.m2/repository/org/springframework/spring-core/5.3.23/spring-core-5.3.23.jar:/home/puneet/.m2/repository/org/springframework/spring-jcl/5.3.23/spring-jcl-5.3.23.jar:/home/puneet/.m2/repository/org/springframework/spring-test/5.3.23/spring-test-5.3.23.jar:/home/puneet/.m2/repository/org/xmlunit/xmlunit-core/2.9.0/xmlunit-core-2.9.0.jar:"/>
    <property name="java.vm.vendor" value="Amazon.com Inc."/>
    <property name="sun.arch.data.model" value="64"/>
    <property name="java.vendor.url" value="https://aws.amazon.com/corretto/"/>
    <property name="os.name" value="Linux"/>
    <property name="java.vm.specification.version" value="17"/>
    <property name="sun.java.launcher" value="SUN_STANDARD"/>
    <property name="user.country" value="IN"/>
    <property name="sun.boot.library.path" value="/home/puneet/.jdks/corretto-17.0.4.1/lib"/>
    <property name="sun.java.command" value="/home/puneet/Spring FrameWork/SpringHibernatePart_2-main/target/surefire/surefirebooter11806224222030747645.jar /home/puneet/Spring FrameWork/SpringHibernatePart_2-main/target/surefire 2022-10-31T10-36-39_682-jvmRun1 surefire6372224175676983040tmp surefire_013779689136566277353tmp"/>
    <property name="jdk.debug" value="release"/>
    <property name="surefire.test.class.path" value="/home/puneet/Spring FrameWork/SpringHibernatePart_2-main/target/test-classes:/home/puneet/Spring FrameWork/SpringHibernatePart_2-main/target/classes:/home/puneet/.m2/repository/org/springframework/boot/spring-boot-starter-data-jpa/2.7.5/spring-boot-starter-data-jpa-2.7.5.jar:/home/puneet/.m2/repository/org/springframework/boot/spring-boot-starter-aop/2.7.5/spring-boot-starter-aop-2.7.5.jar:/home/puneet/.m2/repository/org/springframework/spring-aop/5.3.23/spring-aop-5.3.23.jar:/home/puneet/.m2/repository/org/aspectj/aspectjweaver/1.9.7/aspectjweaver-1.9.7.jar:/home/puneet/.m2/repository/org/springframework/boot/spring-boot-starter-jdbc/2.7.5/spring-boot-starter-jdbc-2.7.5.jar:/home/puneet/.m2/repository/com/zaxxer/HikariCP/4.0.3/HikariCP-4.0.3.jar:/home/puneet/.m2/repository/org/springframework/spring-jdbc/5.3.23/spring-jdbc-5.3.23.jar:/home/puneet/.m2/repository/jakarta/transaction/jakarta.transaction-api/1.3.3/jakarta.transaction-api-1.3.3.jar:/home/puneet/.m2/repository/jakarta/persistence/jakarta.persistence-api/2.2.3/jakarta.persistence-api-2.2.3.jar:/home/puneet/.m2/repository/org/hibernate/hibernate-core/5.6.12.Final/hibernate-core-5.6.12.Final.jar:/home/puneet/.m2/repository/org/jboss/logging/jboss-logging/3.4.3.Final/jboss-logging-3.4.3.Final.jar:/home/puneet/.m2/repository/net/bytebuddy/byte-buddy/1.12.18/byte-buddy-1.12.18.jar:/home/puneet/.m2/repository/antlr/antlr/2.7.7/antlr-2.7.7.jar:/home/puneet/.m2/repository/org/jboss/jandex/2.4.2.Final/jandex-2.4.2.Final.jar:/home/puneet/.m2/repository/com/fasterxml/classmate/1.5.1/classmate-1.5.1.jar:/home/puneet/.m2/repository/org/hibernate/common/hibernate-commons-annotations/5.1.2.Final/hibernate-commons-annotations-5.1.2.Final.jar:/home/puneet/.m2/repository/org/glassfish/jaxb/jaxb-runtime/2.3.7/jaxb-runtime-2.3.7.jar:/home/puneet/.m2/repository/org/glassfish/jaxb/txw2/2.3.7/txw2-2.3.7.jar:/home/puneet/.m2/repository/com/sun/istack/istack-commons-runtime/3.0.12/istack-commons-runtime-3.0.12.jar:/home/puneet/.m2/repository/com/sun/activation/jakarta.activation/1.2.2/jakarta.activation-1.2.2.jar:/home/puneet/.m2/repository/org/springframework/data/spring-data-jpa/2.7.5/spring-data-jpa-2.7.5.jar:/home/puneet/.m2/repository/org/springframework/data/spring-data-commons/2.7.5/spring-data-commons-2.7.5.jar:/home/puneet/.m2/repository/org/springframework/spring-orm/5.3.23/spring-orm-5.3.23.jar:/home/puneet/.m2/repository/org/springframework/spring-context/5.3.23/spring-context-5.3.23.jar:/home/puneet/.m2/repository/org/springframework/spring-tx/5.3.23/spring-tx-5.3.23.jar:/home/puneet/.m2/repository/org/springframework/spring-beans/5.3.23/spring-beans-5.3.23.jar:/home/puneet/.m2/repository/org/slf4j/slf4j-api/1.7.36/slf4j-api-1.7.36.jar:/home/puneet/.m2/repository/org/springframework/spring-aspects/5.3.23/spring-aspects-5.3.23.jar:/home/puneet/.m2/repository/org/springframework/boot/spring-boot-starter-web/2.7.5/spring-boot-starter-web-2.7.5.jar:/home/puneet/.m2/repository/org/springframework/boot/spring-boot-starter/2.7.5/spring-boot-starter-2.7.5.jar:/home/puneet/.m2/repository/org/springframework/boot/spring-boot-starter-logging/2.7.5/spring-boot-starter-logging-2.7.5.jar:/home/puneet/.m2/repository/ch/qos/logback/logback-classic/1.2.11/logback-classic-1.2.11.jar:/home/puneet/.m2/repository/ch/qos/logback/logback-core/1.2.11/logback-core-1.2.11.jar:/home/puneet/.m2/repository/org/apache/logging/log4j/log4j-to-slf4j/2.17.2/log4j-to-slf4j-2.17.2.jar:/home/puneet/.m2/repository/org/apache/logging/log4j/log4j-api/2.17.2/log4j-api-2.17.2.jar:/home/puneet/.m2/repository/org/slf4j/jul-to-slf4j/1.7.36/jul-to-slf4j-1.7.36.jar:/home/puneet/.m2/repository/jakarta/annotation/jakarta.annotation-api/1.3.5/jakarta.annotation-api-1.3.5.jar:/home/puneet/.m2/repository/org/yaml/snakeyaml/1.30/snakeyaml-1.30.jar:/home/puneet/.m2/repository/org/springframework/boot/spring-boot-starter-json/2.7.5/spring-boot-starter-json-2.7.5.jar:/home/puneet/.m2/repository/com/fasterxml/jackson/core/jackson-databind/2.13.4.2/jackson-databind-2.13.4.2.jar:/home/puneet/.m2/repository/com/fasterxml/jackson/core/jackson-annotations/2.13.4/jackson-annotations-2.13.4.jar:/home/puneet/.m2/repository/com/fasterxml/jackson/core/jackson-core/2.13.4/jackson-core-2.13.4.jar:/home/puneet/.m2/repository/com/fasterxml/jackson/datatype/jackson-datatype-jdk8/2.13.4/jackson-datatype-jdk8-2.13.4.jar:/home/puneet/.m2/repository/com/fasterxml/jackson/datatype/jackson-datatype-jsr310/2.13.4/jackson-datatype-jsr310-2.13.4.jar:/home/puneet/.m2/repository/com/fasterxml/jackson/module/jackson-module-parameter-names/2.13.4/jackson-module-parameter-names-2.13.4.jar:/home/puneet/.m2/repository/org/springframework/boot/spring-boot-starter-tomcat/2.7.5/spring-boot-starter-tomcat-2.7.5.jar:/home/puneet/.m2/repository/org/apache/tomcat/embed/tomcat-embed-core/9.0.68/tomcat-embed-core-9.0.68.jar:/home/puneet/.m2/repository/org/apache/tomcat/embed/tomcat-embed-el/9.0.68/tomcat-embed-el-9.0.68.jar:/home/puneet/.m2/repository/org/apache/tomcat/embed/tomcat-embed-websocket/9.0.68/tomcat-embed-websocket-9.0.68.jar:/home/puneet/.m2/repository/org/springframework/spring-web/5.3.23/spring-web-5.3.23.jar:/home/puneet/.m2/repository/org/springframework/spring-webmvc/5.3.23/spring-webmvc-5.3.23.jar:/home/puneet/.m2/repository/org/springframework/spring-expression/5.3.23/spring-expression-5.3.23.jar:/home/puneet/.m2/repository/org/springframework/boot/spring-boot-devtools/2.7.5/spring-boot-devtools-2.7.5.jar:/home/puneet/.m2/repository/org/springframework/boot/spring-boot/2.7.5/spring-boot-2.7.5.jar:/home/puneet/.m2/repository/org/springframework/boot/spring-boot-autoconfigure/2.7.5/spring-boot-autoconfigure-2.7.5.jar:/home/puneet/.m2/repository/com/mysql/mysql-connector-j/8.0.31/mysql-connector-j-8.0.31.jar:/home/puneet/.m2/repository/org/springframework/boot/spring-boot-starter-test/2.7.5/spring-boot-starter-test-2.7.5.jar:/home/puneet/.m2/repository/org/springframework/boot/spring-boot-test/2.7.5/spring-boot-test-2.7.5.jar:/home/puneet/.m2/repository/org/springframework/boot/spring-boot-test-autoconfigure/2.7.5/spring-boot-test-autoconfigure-2.7.5.jar:/home/puneet/.m2/repository/com/jayway/jsonpath/json-path/2.7.0/json-path-2.7.0.jar:/home/puneet/.m2/repository/net/minidev/json-smart/2.4.8/json-smart-2.4.8.jar:/home/puneet/.m2/repository/net/minidev/accessors-smart/2.4.8/accessors-smart-2.4.8.jar:/home/puneet/.m2/repository/org/ow2/asm/asm/9.1/asm-9.1.jar:/home/puneet/.m2/repository/jakarta/xml/bind/jakarta.xml.bind-api/2.3.3/jakarta.xml.bind-api-2.3.3.jar:/home/puneet/.m2/repository/jakarta/activation/jakarta.activation-api/1.2.2/jakarta.activation-api-1.2.2.jar:/home/puneet/.m2/repository/org/assertj/assertj-core/3.22.0/assertj-core-3.22.0.jar:/home/puneet/.m2/repository/org/hamcrest/hamcrest/2.2/hamcrest-2.2.jar:/home/puneet/.m2/repository/org/junit/jupiter/junit-jupiter/5.8.2/junit-jupiter-5.8.2.jar:/home/puneet/.m2/repository/org/junit/jupiter/junit-jupiter-api/5.8.2/junit-jupiter-api-5.8.2.jar:/home/puneet/.m2/repository/org/opentest4j/opentest4j/1.2.0/opentest4j-1.2.0.jar:/home/puneet/.m2/repository/org/junit/platform/junit-platform-commons/1.8.2/junit-platform-commons-1.8.2.jar:/home/puneet/.m2/repository/org/apiguardian/apiguardian-api/1.1.2/apiguardian-api-1.1.2.jar:/home/puneet/.m2/repository/org/junit/jupiter/junit-jupiter-params/5.8.2/junit-jupiter-params-5.8.2.jar:/home/puneet/.m2/repository/org/junit/jupiter/junit-jupiter-engine/5.8.2/junit-jupiter-engine-5.8.2.jar:/home/puneet/.m2/repository/org/junit/platform/junit-platform-engine/1.8.2/junit-platform-engine-1.8.2.jar:/home/puneet/.m2/repository/org/mockito/mockito-core/4.5.1/mockito-core-4.5.1.jar:/home/puneet/.m2/repository/net/bytebuddy/byte-buddy-agent/1.12.18/byte-buddy-agent-1.12.18.jar:/home/puneet/.m2/repository/org/objenesis/objenesis/3.2/objenesis-3.2.jar:/home/puneet/.m2/repository/org/mockito/mockito-junit-jupiter/4.5.1/mockito-junit-jupiter-4.5.1.jar:/home/puneet/.m2/repository/org/skyscreamer/jsonassert/1.5.1/jsonassert-1.5.1.jar:/home/puneet/.m2/repository/com/vaadin/external/google/android-json/0.0.20131108.vaadin1/android-json-0.0.20131108.vaadin1.jar:/home/puneet/.m2/repository/org/springframework/spring-core/5.3.23/spring-core-5.3.23.jar:/home/puneet/.m2/repository/org/springframework/spring-jcl/5.3.23/spring-jcl-5.3.23.jar:/home/puneet/.m2/repository/org/springframework/spring-test/5.3.23/spring-test-5.3.23.jar:/home/puneet/.m2/repository/org/xmlunit/xmlunit-core/2.9.0/xmlunit-core-2.9.0.jar:"/>
    <property name="sun.cpu.endian" value="little"/>
    <property name="user.home" value="/home/puneet"/>
    <property name="user.language" value="en"/>
    <property name="java.specification.vendor" value="Oracle Corporation"/>
    <property name="java.version.date" value="2022-08-12"/>
    <property name="java.home" value="/home/puneet/.jdks/corretto-17.0.4.1"/>
    <property name="file.separator" value="/"/>
    <property name="basedir" value="/home/puneet/Spring FrameWork/SpringHibernatePart_2-main"/>
    <property name="java.vm.compressedOopsMode" value="Zero based"/>
    <property name="line.separator" value="&#10;"/>
    <property name="java.vm.specification.vendor" value="Oracle Corporation"/>
    <property name="java.specification.name" value="Java Platform API Specification"/>
    <property name="surefire.real.class.path" value="/home/puneet/Spring FrameWork/SpringHibernatePart_2-main/target/surefire/surefirebooter11806224222030747645.jar"/>
    <property name="sun.management.compiler" value="HotSpot 64-Bit Tiered Compilers"/>
    <property name="java.runtime.version" value="17.0.4.1+9-LTS"/>
    <property name="user.name" value="puneet"/>
    <property name="path.separator" value=":"/>
    <property name="os.version" value="5.15.0-52-generic"/>
    <property name="java.runtime.name" value="OpenJDK Runtime Environment"/>
    <property name="file.encoding" value="UTF-8"/>
    <property name="java.vm.name" value="OpenJDK 64-Bit Server VM"/>
    <property name="java.vendor.version" value="Corretto-17.0.4.9.1"/>
    <property name="localRepository" value="/home/puneet/.m2/repository"/>
    <property name="java.vendor.url.bug" value="https://github.com/corretto/corretto-17/issues/"/>
    <property name="java.io.tmpdir" value="/tmp"/>
    <property name="idea.version" value="2022.2.3"/>
    <property name="java.version" value="17.0.4.1"/>
    <property name="user.dir" value="/home/puneet/Spring FrameWork/SpringHibernatePart_2-main"/>
    <property name="os.arch" value="amd64"/>
    <property name="java.vm.specification.name" value="Java Virtual Machine Specification"/>
    <property name="native.encoding" value="UTF-8"/>
    <property name="java.library.path" value="/usr/java/packages/lib:/usr/lib64:/lib64:/lib:/usr/lib"/>
    <property name="java.vm.info" value="mixed mode, sharing"/>
    <property name="java.vendor" value="Amazon.com Inc."/>
    <property name="java.vm.version" value="17.0.4.1+9-LTS"/>
    <property name="sun.io.unicode.encoding" value="UnicodeLittle"/>
    <property name="java.class.version" value="61.0"/>
  </properties>
  <testcase name="testCreatePayment" classname="com.ttn.SpringJpaHibernate2.inheritencemapping.tablePerClass.SpringJpaHibernate2TablePerClassApplicationTests" time="0.019">
    <error message="could not execute statement; SQL [n/a]; nested exception is org.hibernate.exception.SQLGrammarException: could not execute statement" type="org.springframework.dao.InvalidDataAccessResourceUsageException">org.springframework.dao.InvalidDataAccessResourceUsageException: could not execute statement; SQL [n/a]; nested exception is org.hibernate.exception.SQLGrammarException: could not execute statement
	at com.ttn.SpringJpaHibernate2.inheritencemapping.tablePerClass.SpringJpaHibernate2TablePerClassApplicationTests.testCreatePayment(SpringJpaHibernate2TablePerClassApplicationTests.java:40)
Caused by: org.hibernate.exception.SQLGrammarException: could not execute statement
	at com.ttn.SpringJpaHibernate2.inheritencemapping.tablePerClass.SpringJpaHibernate2TablePerClassApplicationTests.testCreatePayment(SpringJpaHibernate2TablePerClassApplicationTests.java:40)
Caused by: java.sql.SQLSyntaxErrorException: Table 'mydb.checkpayment' doesn't exist
	at com.ttn.SpringJpaHibernate2.inheritencemapping.tablePerClass.SpringJpaHibernate2TablePerClassApplicationTests.testCreatePayment(SpringJpaHibernate2TablePerClassApplicationTests.java:40)
</error>
    <system-out><![CDATA[2022-10-31 10:36:47.608  INFO 8683 --- [           main] .b.t.c.SpringBootTestContextBootstrapper : Neither @ContextConfiguration nor @ContextHierarchy found for test class [com.ttn.SpringJpaHibernate2.inheritencemapping.tablePerClass.SpringJpaHibernate2TablePerClassApplicationTests], using SpringBootContextLoader
2022-10-31 10:36:47.609  INFO 8683 --- [           main] o.s.t.c.support.AbstractContextLoader    : Could not detect default resource locations for test class [com.ttn.SpringJpaHibernate2.inheritencemapping.tablePerClass.SpringJpaHibernate2TablePerClassApplicationTests]: no resource found for suffixes {-context.xml, Context.groovy}.
2022-10-31 10:36:47.609  INFO 8683 --- [           main] t.c.s.AnnotationConfigContextLoaderUtils : Could not detect default configuration classes for test class [com.ttn.SpringJpaHibernate2.inheritencemapping.tablePerClass.SpringJpaHibernate2TablePerClassApplicationTests]: SpringJpaHibernate2TablePerClassApplicationTests does not declare any static, non-private, non-final, nested classes annotated with @Configuration.
2022-10-31 10:36:47.622  INFO 8683 --- [           main] .b.t.c.SpringBootTestContextBootstrapper : Found @SpringBootConfiguration com.ttn.SpringJpaHibernate2.inheritencemapping.tablePerClass.SpringJpaHibernate2TablePerClassApplication for test class com.ttn.SpringJpaHibernate2.inheritencemapping.tablePerClass.SpringJpaHibernate2TablePerClassApplicationTests
2022-10-31 10:36:47.624  INFO 8683 --- [           main] .b.t.c.SpringBootTestContextBootstrapper : Loaded default TestExecutionListener class names from location [META-INF/spring.factories]: [org.springframework.boot.test.mock.mockito.MockitoTestExecutionListener, org.springframework.boot.test.mock.mockito.ResetMocksTestExecutionListener, org.springframework.boot.test.autoconfigure.restdocs.RestDocsTestExecutionListener, org.springframework.boot.test.autoconfigure.web.client.MockRestServiceServerResetTestExecutionListener, org.springframework.boot.test.autoconfigure.web.servlet.MockMvcPrintOnlyOnFailureTestExecutionListener, org.springframework.boot.test.autoconfigure.web.servlet.WebDriverTestExecutionListener, org.springframework.boot.test.autoconfigure.webservices.client.MockWebServiceServerTestExecutionListener, org.springframework.test.context.web.ServletTestExecutionListener, org.springframework.test.context.support.DirtiesContextBeforeModesTestExecutionListener, org.springframework.test.context.event.ApplicationEventsTestExecutionListener, org.springframework.test.context.support.DependencyInjectionTestExecutionListener, org.springframework.test.context.support.DirtiesContextTestExecutionListener, org.springframework.test.context.transaction.TransactionalTestExecutionListener, org.springframework.test.context.jdbc.SqlScriptsTestExecutionListener, org.springframework.test.context.event.EventPublishingTestExecutionListener]
2022-10-31 10:36:47.625  INFO 8683 --- [           main] .b.t.c.SpringBootTestContextBootstrapper : Using TestExecutionListeners: [org.springframework.test.context.web.ServletTestExecutionListener@30623109, org.springframework.test.context.support.DirtiesContextBeforeModesTestExecutionListener@138110f8, org.springframework.test.context.event.ApplicationEventsTestExecutionListener@4fe8ac61, org.springframework.boot.test.mock.mockito.MockitoTestExecutionListener@665e18d5, org.springframework.boot.test.autoconfigure.SpringBootDependencyInjectionTestExecutionListener@4795876e, org.springframework.test.context.support.DirtiesContextTestExecutionListener@5c8859b4, org.springframework.test.context.transaction.TransactionalTestExecutionListener@56897de0, org.springframework.test.context.jdbc.SqlScriptsTestExecutionListener@40874f54, org.springframework.test.context.event.EventPublishingTestExecutionListener@2bc21edd, org.springframework.boot.test.mock.mockito.ResetMocksTestExecutionListener@3599b7e8, org.springframework.boot.test.autoconfigure.restdocs.RestDocsTestExecutionListener@2862bac6, org.springframework.boot.test.autoconfigure.web.client.MockRestServiceServerResetTestExecutionListener@52e5ad71, org.springframework.boot.test.autoconfigure.web.servlet.MockMvcPrintOnlyOnFailureTestExecutionListener@696a6506, org.springframework.boot.test.autoconfigure.web.servlet.WebDriverTestExecutionListener@1134a934, org.springframework.boot.test.autoconfigure.webservices.client.MockWebServiceServerTestExecutionListener@2cbd855e]

  .   ____          _            __ _ _
 /\\ / ___'_ __ _ _(_)_ __  __ _ \ \ \ \
( ( )\___ | '_ | '_| | '_ \/ _` | \ \ \ \
 \\/  ___)| |_)| | | | | || (_| |  ) ) ) )
  '  |____| .__|_| |_|_| |_\__, | / / / /
 =========|_|==============|___/=/_/_/_/
 :: Spring Boot ::                (v2.7.5)

2022-10-31 10:36:47.646  INFO 8683 --- [           main] aHibernate2TablePerClassApplicationTests : Starting SpringJpaHibernate2TablePerClassApplicationTests using Java 17.0.4.1 on TTNPL-6663 with PID 8683 (started by puneet in /home/puneet/Spring FrameWork/SpringHibernatePart_2-main)
2022-10-31 10:36:47.646  INFO 8683 --- [           main] aHibernate2TablePerClassApplicationTests : No active profile set, falling back to 1 default profile: "default"
2022-10-31 10:36:47.788  INFO 8683 --- [           main] .s.d.r.c.RepositoryConfigurationDelegate : Bootstrapping Spring Data JPA repositories in DEFAULT mode.
2022-10-31 10:36:47.795  INFO 8683 --- [           main] .s.d.r.c.RepositoryConfigurationDelegate : Finished Spring Data repository scanning in 6 ms. Found 1 JPA repository interfaces.
2022-10-31 10:36:47.945  INFO 8683 --- [           main] com.zaxxer.hikari.HikariDataSource       : HikariPool-5 - Starting...
2022-10-31 10:36:47.964  INFO 8683 --- [           main] com.zaxxer.hikari.HikariDataSource       : HikariPool-5 - Start completed.
2022-10-31 10:36:47.973  INFO 8683 --- [           main] o.hibernate.jpa.internal.util.LogHelper  : HHH000204: Processing PersistenceUnitInfo [name: default]
2022-10-31 10:36:47.976  INFO 8683 --- [           main] org.hibernate.dialect.Dialect            : HHH000400: Using dialect: org.hibernate.dialect.MySQL8Dialect
2022-10-31 10:36:48.028  INFO 8683 --- [           main] o.h.e.t.j.p.i.JtaPlatformInitiator       : HHH000490: Using JtaPlatform implementation: [org.hibernate.engine.transaction.jta.platform.internal.NoJtaPlatform]
2022-10-31 10:36:48.029  INFO 8683 --- [           main] j.LocalContainerEntityManagerFactoryBean : Initialized JPA EntityManagerFactory for persistence unit 'default'
2022-10-31 10:36:48.113  WARN 8683 --- [           main] JpaBaseConfiguration$JpaWebConfiguration : spring.jpa.open-in-view is enabled by default. Therefore, database queries may be performed during view rendering. Explicitly configure spring.jpa.open-in-view to disable this warning
2022-10-31 10:36:48.359  INFO 8683 --- [           main] aHibernate2TablePerClassApplicationTests : Started SpringJpaHibernate2TablePerClassApplicationTests in 0.731 seconds (JVM running for 8.424)
Hibernate: select next_val as id_val from hibernate_sequence for update
Hibernate: update hibernate_sequence set next_val= ? where next_val=?
Hibernate: insert into checkpayment (amount, checknumber, id) values (?, ?, ?)
2022-10-31 10:36:48.377  WARN 8683 --- [           main] o.h.engine.jdbc.spi.SqlExceptionHelper   : SQL Error: 1146, SQLState: 42S02
2022-10-31 10:36:48.378 ERROR 8683 --- [           main] o.h.engine.jdbc.spi.SqlExceptionHelper   : Table 'mydb.checkpayment' doesn't exist
2022-10-31 10:36:48.378  INFO 8683 --- [           main] o.h.e.j.b.internal.AbstractBatchImpl     : HHH000010: On release of batch it still contained JDBC statements
]]></system-out>
  </testcase>
  <testcase name="testGetPaymentDetails" classname="com.ttn.SpringJpaHibernate2.inheritencemapping.tablePerClass.SpringJpaHibernate2TablePerClassApplicationTests" time="0.013">
    <error message="could not extract ResultSet; SQL [n/a]; nested exception is org.hibernate.exception.SQLGrammarException: could not extract ResultSet" type="org.springframework.dao.InvalidDataAccessResourceUsageException">org.springframework.dao.InvalidDataAccessResourceUsageException: could not extract ResultSet; SQL [n/a]; nested exception is org.hibernate.exception.SQLGrammarException: could not extract ResultSet
	at com.ttn.SpringJpaHibernate2.inheritencemapping.tablePerClass.SpringJpaHibernate2TablePerClassApplicationTests.testGetPaymentDetails(SpringJpaHibernate2TablePerClassApplicationTests.java:47)
Caused by: org.hibernate.exception.SQLGrammarException: could not extract ResultSet
	at com.ttn.SpringJpaHibernate2.inheritencemapping.tablePerClass.SpringJpaHibernate2TablePerClassApplicationTests.testGetPaymentDetails(SpringJpaHibernate2TablePerClassApplicationTests.java:47)
Caused by: java.sql.SQLSyntaxErrorException: Table 'mydb.checkpayment' doesn't exist
	at com.ttn.SpringJpaHibernate2.inheritencemapping.tablePerClass.SpringJpaHibernate2TablePerClassApplicationTests.testGetPaymentDetails(SpringJpaHibernate2TablePerClassApplicationTests.java:47)
</error>
    <system-out><![CDATA[Hibernate: select payment0_.id as id1_2_, payment0_.amount as amount2_2_, payment0_.checknumber as checknum1_1_, payment0_.cardnumber as cardnumb1_0_, payment0_.clazz_ as clazz_ from ( select id, amount, checknumber, null as cardnumber, 1 as clazz_ from checkpayment union all select id, amount, null as checknumber, cardnumber, 2 as clazz_ from card ) payment0_
2022-10-31 10:36:48.390  WARN 8683 --- [           main] o.h.engine.jdbc.spi.SqlExceptionHelper   : SQL Error: 1146, SQLState: 42S02
2022-10-31 10:36:48.390 ERROR 8683 --- [           main] o.h.engine.jdbc.spi.SqlExceptionHelper   : Table 'mydb.checkpayment' doesn't exist
]]></system-out>
  </testcase>
</testsuite>